<?xml version="1.0" encoding="UTF-8"?>
<testng-results ignored="0" total="5" passed="4" failed="1" skipped="0">
  <reporter-output>
  </reporter-output>
  <suite started-at="2024-06-23T10:49:56 IST" name="API Regression Suite" finished-at="2024-06-23T10:50:10 IST" duration-ms="14160">
    <groups>
    </groups>
    <test started-at="2024-06-23T10:49:56 IST" name="Go Rest API Test" finished-at="2024-06-23T10:50:07 IST" duration-ms="10518">
      <class name="com.qa.gorest.tests.GET_01_AllUserTest">
        <test-method is-config="true" signature="setup(java.lang.String)[pri:0, instance:com.qa.gorest.tests.GET_01_AllUserTest@4678a2eb]" started-at="2024-06-23T10:49:56 IST" name="setup" finished-at="2024-06-23T10:49:57 IST" duration-ms="1144" status="PASS">
          <params>
            <param index="0">
              <value>
                <![CDATA[https://gorest.co.in]]>
              </value>
            </param>
          </params>
          <reporter-output>
          </reporter-output>
        </test-method> <!-- setup -->
        <test-method is-config="true" signature="getUserSetup()[pri:0, instance:com.qa.gorest.tests.GET_01_AllUserTest@4678a2eb]" started-at="2024-06-23T10:49:57 IST" name="getUserSetup" finished-at="2024-06-23T10:49:58 IST" duration-ms="314" status="PASS">
          <reporter-output>
          </reporter-output>
        </test-method> <!-- getUserSetup -->
        <test-method signature="getUserWithQueryParamTest3()[pri:1, instance:com.qa.gorest.tests.GET_01_AllUserTest@4678a2eb]" started-at="2024-06-23T10:49:58 IST" name="getUserWithQueryParamTest3" finished-at="2024-06-23T10:50:03 IST" duration-ms="5679" status="PASS">
          <reporter-output>
          </reporter-output>
        </test-method> <!-- getUserWithQueryParamTest3 -->
        <test-method is-config="true" signature="getUserSetup()[pri:0, instance:com.qa.gorest.tests.GET_01_AllUserTest@4678a2eb]" started-at="2024-06-23T10:50:03 IST" name="getUserSetup" finished-at="2024-06-23T10:50:03 IST" duration-ms="1" status="PASS">
          <reporter-output>
          </reporter-output>
        </test-method> <!-- getUserSetup -->
        <test-method signature="getOneUserTest2()[pri:2, instance:com.qa.gorest.tests.GET_01_AllUserTest@4678a2eb]" started-at="2024-06-23T10:50:03 IST" name="getOneUserTest2" finished-at="2024-06-23T10:50:05 IST" duration-ms="1483" status="FAIL">
          <exception class="java.lang.AssertionError">
            <message>
              <![CDATA[1 expectation failed.
Expected status code <200> but was <404>.
]]>
            </message>
            <full-stacktrace>
              <![CDATA[java.lang.AssertionError: 1 expectation failed.
Expected status code <200> but was <404>.

at java.base/jdk.internal.reflect.NativeConstructorAccessorImpl.newInstance0(Native Method)
at java.base/jdk.internal.reflect.NativeConstructorAccessorImpl.newInstance(NativeConstructorAccessorImpl.java:77)
at java.base/jdk.internal.reflect.DelegatingConstructorAccessorImpl.newInstance(DelegatingConstructorAccessorImpl.java:45)
at java.base/java.lang.reflect.Constructor.newInstanceWithCaller(Constructor.java:499)
at java.base/java.lang.reflect.Constructor.newInstance(Constructor.java:480)
at org.codehaus.groovy.reflection.CachedConstructor.invoke(CachedConstructor.java:73)
at org.codehaus.groovy.runtime.callsite.ConstructorSite$ConstructorSiteNoUnwrapNoCoerce.callConstructor(ConstructorSite.java:108)
at org.codehaus.groovy.runtime.callsite.CallSiteArray.defaultCallConstructor(CallSiteArray.java:57)
at org.codehaus.groovy.runtime.callsite.AbstractCallSite.callConstructor(AbstractCallSite.java:263)
at org.codehaus.groovy.runtime.callsite.AbstractCallSite.callConstructor(AbstractCallSite.java:277)
at io.restassured.internal.ResponseSpecificationImpl$HamcrestAssertionClosure.validate(ResponseSpecificationImpl.groovy:512)
at io.restassured.internal.ResponseSpecificationImpl$HamcrestAssertionClosure$validate$1.call(Unknown Source)
at io.restassured.internal.ResponseSpecificationImpl.validateResponseIfRequired(ResponseSpecificationImpl.groovy:696)
at io.restassured.internal.ResponseSpecificationImpl.this$2$validateResponseIfRequired(ResponseSpecificationImpl.groovy)
at java.base/jdk.internal.reflect.NativeMethodAccessorImpl.invoke0(Native Method)
at java.base/jdk.internal.reflect.NativeMethodAccessorImpl.invoke(NativeMethodAccessorImpl.java:77)
at java.base/jdk.internal.reflect.DelegatingMethodAccessorImpl.invoke(DelegatingMethodAccessorImpl.java:43)
at java.base/java.lang.reflect.Method.invoke(Method.java:568)
at org.codehaus.groovy.runtime.callsite.PlainObjectMetaMethodSite.doInvoke(PlainObjectMetaMethodSite.java:43)
at org.codehaus.groovy.runtime.callsite.PogoMetaMethodSite$PogoCachedMethodSiteNoUnwrapNoCoerce.invoke(PogoMetaMethodSite.java:198)
at org.codehaus.groovy.runtime.callsite.PogoMetaMethodSite.callCurrent(PogoMetaMethodSite.java:62)
at org.codehaus.groovy.runtime.callsite.AbstractCallSite.callCurrent(AbstractCallSite.java:185)
at io.restassured.internal.ResponseSpecificationImpl.statusCode(ResponseSpecificationImpl.groovy:135)
at io.restassured.specification.ResponseSpecification$statusCode$0.callCurrent(Unknown Source)
at io.restassured.internal.ResponseSpecificationImpl.statusCode(ResponseSpecificationImpl.groovy:143)
at io.restassured.internal.ValidatableResponseOptionsImpl.statusCode(ValidatableResponseOptionsImpl.java:89)
at com.qa.gorest.tests.GET_01_AllUserTest.getOneUserTest2(GET_01_AllUserTest.java:35)
at java.base/jdk.internal.reflect.NativeMethodAccessorImpl.invoke0(Native Method)
at java.base/jdk.internal.reflect.NativeMethodAccessorImpl.invoke(NativeMethodAccessorImpl.java:77)
at java.base/jdk.internal.reflect.DelegatingMethodAccessorImpl.invoke(DelegatingMethodAccessorImpl.java:43)
at java.base/java.lang.reflect.Method.invoke(Method.java:568)
at org.testng.internal.MethodInvocationHelper.invokeMethod(MethodInvocationHelper.java:133)
at org.testng.internal.TestInvoker.invokeMethod(TestInvoker.java:598)
at org.testng.internal.TestInvoker.invokeTestMethod(TestInvoker.java:173)
at org.testng.internal.MethodRunner.runInSequence(MethodRunner.java:46)
at org.testng.internal.TestInvoker$MethodInvocationAgent.invoke(TestInvoker.java:824)
at org.testng.internal.TestInvoker.invokeTestMethods(TestInvoker.java:146)
at org.testng.internal.TestMethodWorker.invokeTestMethods(TestMethodWorker.java:146)
at org.testng.internal.TestMethodWorker.run(TestMethodWorker.java:128)
at java.base/java.util.ArrayList.forEach(ArrayList.java:1511)
at org.testng.TestRunner.privateRun(TestRunner.java:794)
at org.testng.TestRunner.run(TestRunner.java:596)
at org.testng.SuiteRunner.runTest(SuiteRunner.java:377)
at org.testng.SuiteRunner.access$000(SuiteRunner.java:28)
at org.testng.SuiteRunner$SuiteWorker.run(SuiteRunner.java:418)
at org.testng.internal.thread.ThreadUtil.lambda$execute$0(ThreadUtil.java:64)
at java.base/java.util.concurrent.FutureTask.run(FutureTask.java:264)
at java.base/java.util.concurrent.ThreadPoolExecutor.runWorker(ThreadPoolExecutor.java:1136)
at java.base/java.util.concurrent.ThreadPoolExecutor$Worker.run(ThreadPoolExecutor.java:635)
at java.base/java.lang.Thread.run(Thread.java:833)
]]>
            </full-stacktrace>
          </exception> <!-- java.lang.AssertionError -->
          <reporter-output>
          </reporter-output>
        </test-method> <!-- getOneUserTest2 -->
        <test-method is-config="true" signature="getUserSetup()[pri:0, instance:com.qa.gorest.tests.GET_01_AllUserTest@4678a2eb]" started-at="2024-06-23T10:50:05 IST" name="getUserSetup" finished-at="2024-06-23T10:50:05 IST" duration-ms="1" status="PASS">
          <reporter-output>
          </reporter-output>
        </test-method> <!-- getUserSetup -->
        <test-method signature="getAllUserTest1()[pri:3, instance:com.qa.gorest.tests.GET_01_AllUserTest@4678a2eb]" started-at="2024-06-23T10:50:05 IST" name="getAllUserTest1" finished-at="2024-06-23T10:50:06 IST" duration-ms="1600" status="PASS">
          <reporter-output>
          </reporter-output>
        </test-method> <!-- getAllUserTest1 -->
      </class> <!-- com.qa.gorest.tests.GET_01_AllUserTest -->
    </test> <!-- Go Rest API Test -->
    <test started-at="2024-06-23T10:50:07 IST" name="F1 Circuits API Test" finished-at="2024-06-23T10:50:08 IST" duration-ms="1310">
      <class name="com.qa.gorest.tests.GET_04_GetCircuitsTest">
        <test-method is-config="true" signature="setup(java.lang.String)[pri:0, instance:com.qa.gorest.tests.GET_04_GetCircuitsTest@f79a760]" started-at="2024-06-23T10:50:07 IST" name="setup" finished-at="2024-06-23T10:50:07 IST" duration-ms="1" status="PASS">
          <params>
            <param index="0">
              <value>
                <![CDATA[https://ergast.com]]>
              </value>
            </param>
          </params>
          <reporter-output>
          </reporter-output>
        </test-method> <!-- setup -->
        <test-method is-config="true" signature="getUserSetup()[pri:0, instance:com.qa.gorest.tests.GET_04_GetCircuitsTest@f79a760]" started-at="2024-06-23T10:50:07 IST" name="getUserSetup" finished-at="2024-06-23T10:50:07 IST" duration-ms="1" status="PASS">
          <reporter-output>
          </reporter-output>
        </test-method> <!-- getUserSetup -->
        <test-method signature="getCircuitsTest()[pri:0, instance:com.qa.gorest.tests.GET_04_GetCircuitsTest@f79a760]" started-at="2024-06-23T10:50:07 IST" name="getCircuitsTest" finished-at="2024-06-23T10:50:08 IST" duration-ms="1243" status="PASS">
          <reporter-output>
          </reporter-output>
        </test-method> <!-- getCircuitsTest -->
      </class> <!-- com.qa.gorest.tests.GET_04_GetCircuitsTest -->
    </test> <!-- F1 Circuits API Test -->
    <test started-at="2024-06-23T10:50:08 IST" name="F1 Circuits API Test2" finished-at="2024-06-23T10:50:10 IST" duration-ms="1688">
      <class name="com.qa.gorest.tests.GET_05_GetCircuits_JsonPathValidatorTest">
        <test-method is-config="true" signature="setup(java.lang.String)[pri:0, instance:com.qa.gorest.tests.GET_05_GetCircuits_JsonPathValidatorTest@652a7737]" started-at="2024-06-23T10:50:08 IST" name="setup" finished-at="2024-06-23T10:50:08 IST" duration-ms="3" status="PASS">
          <params>
            <param index="0">
              <value>
                <![CDATA[https://ergast.com]]>
              </value>
            </param>
          </params>
          <reporter-output>
          </reporter-output>
        </test-method> <!-- setup -->
        <test-method is-config="true" signature="getUserSetup()[pri:0, instance:com.qa.gorest.tests.GET_05_GetCircuits_JsonPathValidatorTest@652a7737]" started-at="2024-06-23T10:50:08 IST" name="getUserSetup" finished-at="2024-06-23T10:50:08 IST" duration-ms="2" status="PASS">
          <reporter-output>
          </reporter-output>
        </test-method> <!-- getUserSetup -->
        <test-method signature="getCircuits_JsonPathValidatorTest()[pri:0, instance:com.qa.gorest.tests.GET_05_GetCircuits_JsonPathValidatorTest@652a7737]" started-at="2024-06-23T10:50:08 IST" name="getCircuits_JsonPathValidatorTest" finished-at="2024-06-23T10:50:10 IST" duration-ms="1664" status="PASS">
          <reporter-output>
          </reporter-output>
        </test-method> <!-- getCircuits_JsonPathValidatorTest -->
      </class> <!-- com.qa.gorest.tests.GET_05_GetCircuits_JsonPathValidatorTest -->
    </test> <!-- F1 Circuits API Test2 -->
  </suite> <!-- API Regression Suite -->
</testng-results>
